{
  "RSpec": {
    "coverage": {
      "/Users/benfox/turing/2module/projects/adopt-dont-shop-paired/config/environment.rb": [
        null,
        1,
        null,
        null,
        1
      ],
      "/Users/benfox/turing/2module/projects/adopt-dont-shop-paired/config/application.rb": [
        1,
        null,
        1,
        null,
        1,
        1,
        1,
        1,
        1,
        1,
        1,
        1,
        null,
        null,
        null,
        null,
        1,
        null,
        1,
        1,
        null,
        1,
        null,
        null,
        null,
        null,
        null,
        null,
        1,
        1,
        null,
        null
      ],
      "/Users/benfox/turing/2module/projects/adopt-dont-shop-paired/config/boot.rb": [
        1,
        null,
        1
      ],
      "/Users/benfox/turing/2module/projects/adopt-dont-shop-paired/config/environments/test.rb": [
        1,
        null,
        null,
        null,
        null,
        null,
        null,
        1,
        null,
        null,
        null,
        null,
        1,
        null,
        null,
        1,
        1,
        null,
        null,
        null,
        null,
        1,
        1,
        null,
        null,
        1,
        null,
        null,
        1,
        1,
        null,
        null,
        null,
        null,
        1,
        null,
        null,
        1,
        null,
        null,
        null,
        null
      ],
      "/Users/benfox/turing/2module/projects/adopt-dont-shop-paired/config/initializers/application_controller_renderer.rb": [
        null,
        null,
        null,
        null,
        null,
        null,
        null,
        null
      ],
      "/Users/benfox/turing/2module/projects/adopt-dont-shop-paired/config/initializers/assets.rb": [
        null,
        null,
        null,
        1,
        null,
        null,
        null,
        null,
        1,
        null,
        null,
        null,
        null,
        null
      ],
      "/Users/benfox/turing/2module/projects/adopt-dont-shop-paired/config/initializers/backtrace_silencers.rb": [
        null,
        null,
        null,
        null,
        null,
        null,
        null
      ],
      "/Users/benfox/turing/2module/projects/adopt-dont-shop-paired/config/initializers/cookies_serializer.rb": [
        null,
        null,
        null,
        null,
        1
      ],
      "/Users/benfox/turing/2module/projects/adopt-dont-shop-paired/config/initializers/filter_parameter_logging.rb": [
        null,
        null,
        null,
        1
      ],
      "/Users/benfox/turing/2module/projects/adopt-dont-shop-paired/config/initializers/inflections.rb": [
        null,
        null,
        null,
        null,
        null,
        null,
        null,
        null,
        null,
        null,
        null,
        null,
        null,
        null,
        null,
        null
      ],
      "/Users/benfox/turing/2module/projects/adopt-dont-shop-paired/config/initializers/mime_types.rb": [
        null,
        null,
        null,
        null
      ],
      "/Users/benfox/turing/2module/projects/adopt-dont-shop-paired/config/initializers/wrap_parameters.rb": [
        null,
        null,
        null,
        null,
        null,
        null,
        1,
        2,
        null,
        null,
        null,
        null,
        null,
        null
      ],
      "/Users/benfox/turing/2module/projects/adopt-dont-shop-paired/config/routes.rb": [
        1,
        null,
        null,
        null,
        1,
        null,
        null,
        1,
        1,
        1,
        1,
        1,
        1,
        1,
        1,
        null,
        null,
        1,
        1,
        1,
        1,
        1,
        1,
        1,
        null,
        null,
        1,
        1,
        1,
        1,
        1,
        null
      ],
      "/Users/benfox/turing/2module/projects/adopt-dont-shop-paired/app/helpers/application_helper.rb": [
        1,
        null
      ],
      "/Users/benfox/turing/2module/projects/adopt-dont-shop-paired/spec/features/pets/edit_spec.rb": [
        1,
        null,
        1,
        1,
        1,
        1,
        1,
        1,
        null,
        null,
        1,
        null,
        1,
        null,
        1,
        1,
        1,
        1,
        1,
        null,
        1,
        null,
        1,
        null,
        1,
        null,
        1,
        null,
        1,
        1,
        1,
        1,
        1,
        null,
        1,
        1,
        1,
        1,
        1,
        null,
        1,
        null,
        1,
        null,
        1,
        1,
        1,
        1,
        1,
        null,
        null,
        null
      ],
      "/Users/benfox/turing/2module/projects/adopt-dont-shop-paired/spec/features/pets/index_spec.rb": [
        1,
        null,
        1,
        1,
        1,
        5,
        5,
        5,
        5,
        5,
        5,
        5,
        5,
        5,
        5,
        null,
        5,
        null,
        null,
        1,
        null,
        1,
        null,
        1,
        1,
        1,
        1,
        1,
        null,
        1,
        1,
        1,
        1,
        1,
        null,
        1,
        1,
        1,
        1,
        1,
        null,
        1,
        1,
        1,
        1,
        1,
        null,
        1,
        1,
        1,
        1,
        1,
        null,
        null,
        1,
        null,
        1,
        null,
        1,
        null,
        1,
        1,
        null,
        1,
        null,
        1,
        null,
        null,
        null,
        1,
        null,
        1,
        null,
        1,
        null,
        1,
        1,
        null,
        1,
        null,
        1,
        null,
        null,
        1,
        1,
        null,
        null,
        1,
        null,
        1,
        null,
        1,
        1,
        null,
        1,
        null,
        1,
        null,
        null,
        null,
        1,
        null,
        1,
        null,
        1,
        1,
        null,
        1,
        null,
        1,
        null,
        null,
        null,
        null
      ],
      "/Users/benfox/turing/2module/projects/adopt-dont-shop-paired/spec/features/pets/new_spec.rb": [
        1,
        null,
        1,
        1,
        1,
        1,
        1,
        1,
        null,
        null,
        1,
        null,
        1,
        null,
        1,
        null,
        1,
        null,
        1,
        null,
        1,
        null,
        1,
        1,
        1,
        1,
        1,
        null,
        1,
        1,
        1,
        1,
        1,
        null,
        1,
        null,
        1,
        null,
        1,
        1,
        1,
        1,
        1,
        null,
        null,
        null
      ],
      "/Users/benfox/turing/2module/projects/adopt-dont-shop-paired/spec/features/pets/show_spec.rb": [
        1,
        null,
        1,
        1,
        1,
        3,
        3,
        3,
        null,
        null,
        1,
        null,
        1,
        null,
        1,
        null,
        1,
        1,
        1,
        1,
        1,
        null,
        null,
        1,
        null,
        1,
        null,
        1,
        1,
        1,
        1,
        1,
        null,
        1,
        null,
        1,
        null,
        1,
        null,
        1,
        null,
        null,
        1,
        null,
        1,
        null,
        1,
        null,
        1,
        1,
        1,
        1,
        1,
        null,
        1,
        null,
        1,
        null,
        1,
        null,
        1,
        1,
        null,
        null,
        null
      ],
      "/Users/benfox/turing/2module/projects/adopt-dont-shop-paired/spec/features/shelter_pets/index_spec.rb": [
        1,
        null,
        1,
        1,
        1,
        8,
        8,
        8,
        8,
        8,
        8,
        8,
        null,
        null,
        1,
        null,
        1,
        null,
        1,
        null,
        1,
        1,
        1,
        1,
        null,
        1,
        1,
        1,
        1,
        null,
        null,
        1,
        null,
        1,
        null,
        1,
        null,
        1,
        1,
        1,
        1,
        1,
        null,
        1,
        1,
        1,
        1,
        null,
        1,
        1,
        null,
        null,
        1,
        null,
        1,
        null,
        1,
        null,
        1,
        null,
        1,
        null,
        1,
        null,
        null,
        1,
        null,
        1,
        null,
        1,
        null,
        1,
        1,
        null,
        1,
        null,
        1,
        null,
        null,
        null,
        1,
        null,
        1,
        null,
        1,
        null,
        1,
        1,
        null,
        1,
        null,
        1,
        null,
        null,
        1,
        1,
        null,
        null,
        1,
        null,
        1,
        null,
        1,
        null,
        1,
        1,
        null,
        1,
        null,
        1,
        null,
        null,
        null,
        1,
        null,
        1,
        null,
        1,
        null,
        1,
        null,
        null,
        1,
        null,
        1,
        null,
        1,
        null,
        1,
        null,
        null,
        null,
        null,
        null,
        null,
        null,
        null,
        null,
        null,
        null,
        null,
        null,
        null,
        null
      ],
      "/Users/benfox/turing/2module/projects/adopt-dont-shop-paired/spec/features/shelter_reviews/edit_spec.rb": [
        1,
        null,
        1,
        1,
        1,
        2,
        null,
        2,
        2,
        2,
        null,
        2,
        null,
        2,
        2,
        null,
        null,
        null,
        1,
        1,
        null,
        1,
        1,
        1,
        1,
        null,
        1,
        1,
        1,
        1,
        1,
        null,
        1,
        null,
        1,
        1,
        1,
        1,
        null,
        1,
        1,
        1,
        1,
        null,
        null,
        1,
        1,
        null,
        1,
        1,
        1,
        1,
        null,
        1,
        null,
        1,
        null,
        1,
        1,
        null,
        null,
        null
      ],
      "/Users/benfox/turing/2module/projects/adopt-dont-shop-paired/spec/features/shelter_reviews/new_spec.rb": [
        1,
        null,
        1,
        1,
        1,
        3,
        3,
        3,
        null,
        3,
        3,
        null,
        null,
        1,
        1,
        null,
        1,
        1,
        1,
        1,
        null,
        1,
        1,
        1,
        1,
        null,
        1,
        null,
        1,
        null,
        1,
        1,
        1,
        1,
        null,
        null,
        1,
        1,
        null,
        1,
        1,
        1,
        1,
        null,
        1,
        1,
        1,
        null,
        1,
        null,
        1,
        null,
        1,
        null,
        1,
        1,
        1,
        1,
        null,
        null,
        1,
        1,
        null,
        1,
        1,
        1,
        1,
        null,
        1,
        null,
        1,
        1,
        null,
        null,
        null
      ],
      "/Users/benfox/turing/2module/projects/adopt-dont-shop-paired/spec/features/shelters/edit_spec.rb": [
        1,
        null,
        1,
        1,
        1,
        1,
        null,
        1,
        null,
        null,
        1,
        null,
        1,
        null,
        1,
        null,
        1,
        null,
        1,
        null,
        1,
        1,
        1,
        1,
        1,
        null,
        1,
        1,
        1,
        1,
        1,
        null,
        1,
        null,
        1,
        null,
        1,
        1,
        1,
        1,
        1,
        null,
        1,
        1,
        1,
        1,
        1,
        null,
        null,
        null
      ],
      "/Users/benfox/turing/2module/projects/adopt-dont-shop-paired/spec/features/shelters/index_spec.rb": [
        1,
        null,
        1,
        1,
        1,
        5,
        5,
        5,
        5,
        null,
        null,
        1,
        null,
        1,
        null,
        1,
        1,
        1,
        1,
        1,
        null,
        1,
        1,
        1,
        1,
        1,
        null,
        1,
        1,
        1,
        1,
        1,
        null,
        null,
        1,
        null,
        1,
        null,
        1,
        null,
        1,
        null,
        1,
        null,
        null,
        1,
        null,
        1,
        null,
        1,
        1,
        null,
        1,
        null,
        1,
        null,
        null,
        null,
        1,
        null,
        1,
        null,
        1,
        1,
        null,
        1,
        null,
        1,
        null,
        null,
        1,
        1,
        null,
        null,
        1,
        null,
        1,
        null,
        1,
        1,
        null,
        1,
        null,
        1,
        null,
        null,
        null,
        null
      ],
      "/Users/benfox/turing/2module/projects/adopt-dont-shop-paired/spec/features/shelters/new_spec.rb": [
        1,
        null,
        1,
        1,
        1,
        null,
        1,
        null,
        1,
        null,
        1,
        null,
        1,
        1,
        1,
        1,
        1,
        null,
        1,
        1,
        1,
        1,
        1,
        null,
        1,
        null,
        1,
        null,
        1,
        1,
        1,
        1,
        1,
        null,
        null,
        null
      ],
      "/Users/benfox/turing/2module/projects/adopt-dont-shop-paired/spec/features/shelters/show_spec.rb": [
        1,
        null,
        1,
        1,
        1,
        7,
        7,
        7,
        null,
        7,
        null,
        null,
        1,
        null,
        1,
        null,
        1,
        1,
        1,
        1,
        1,
        null,
        null,
        1,
        null,
        1,
        null,
        1,
        1,
        null,
        null,
        1,
        null,
        1,
        null,
        1,
        null,
        1,
        null,
        1,
        null,
        null,
        1,
        null,
        1,
        null,
        1,
        null,
        1,
        null,
        1,
        null,
        1,
        1,
        1,
        1,
        null,
        null,
        1,
        null,
        1,
        null,
        1,
        null,
        1,
        null,
        1,
        null,
        null,
        1,
        null,
        null,
        1,
        1,
        null,
        1,
        null,
        1,
        null,
        1,
        1,
        1,
        1,
        null,
        null,
        1,
        1,
        1,
        null,
        1,
        null,
        1,
        null,
        1,
        1,
        null,
        null,
        1,
        1,
        1,
        1,
        null,
        null,
        null
      ],
      "/Users/benfox/turing/2module/projects/adopt-dont-shop-paired/spec/models/pet_spec.rb": [
        1,
        null,
        1,
        1,
        2,
        2,
        2,
        2,
        null,
        null,
        1,
        2,
        null,
        null,
        1,
        1,
        1,
        1,
        1,
        null,
        1,
        null,
        null,
        null
      ],
      "/Users/benfox/turing/2module/projects/adopt-dont-shop-paired/app/models/pet.rb": [
        1,
        1,
        null,
        null,
        null,
        1,
        null,
        1,
        12,
        null,
        null
      ],
      "/Users/benfox/turing/2module/projects/adopt-dont-shop-paired/app/models/application_record.rb": [
        1,
        1,
        null
      ],
      "/Users/benfox/turing/2module/projects/adopt-dont-shop-paired/spec/models/review_spec.rb": [
        1,
        null,
        1,
        1,
        2,
        2,
        2,
        null,
        null,
        1,
        2,
        null,
        null
      ],
      "/Users/benfox/turing/2module/projects/adopt-dont-shop-paired/app/models/review.rb": [
        1,
        1,
        null,
        null,
        1,
        null
      ],
      "/Users/benfox/turing/2module/projects/adopt-dont-shop-paired/spec/models/shelter_spec.rb": [
        1,
        null,
        1,
        1,
        2,
        2,
        2,
        2,
        2,
        null,
        null,
        1,
        2,
        null,
        null
      ],
      "/Users/benfox/turing/2module/projects/adopt-dont-shop-paired/app/models/shelter.rb": [
        1,
        1,
        null,
        null,
        null,
        null,
        1,
        1,
        null
      ],
      "/Users/benfox/turing/2module/projects/adopt-dont-shop-paired/app/controllers/shelters_controller.rb": [
        1,
        null,
        1,
        11,
        null,
        null,
        1,
        22,
        null,
        null,
        1,
        null,
        null,
        1,
        1,
        1,
        null,
        null,
        1,
        3,
        null,
        null,
        1,
        1,
        1,
        null,
        1,
        null,
        null,
        1,
        2,
        2,
        null,
        2,
        null,
        null,
        1,
        null,
        1,
        2,
        null,
        null
      ],
      "/Users/benfox/turing/2module/projects/adopt-dont-shop-paired/app/controllers/application_controller.rb": [
        1,
        1,
        null
      ],
      "/Users/benfox/turing/2module/projects/adopt-dont-shop-paired/app/controllers/pets_controller.rb": [
        1,
        null,
        1,
        12,
        null,
        null,
        1,
        7,
        null,
        null,
        1,
        2,
        null,
        null,
        1,
        1,
        1,
        null,
        1,
        null,
        null,
        1,
        4,
        null,
        null,
        1,
        1,
        1,
        null,
        1,
        null,
        null,
        1,
        3,
        3,
        null,
        3,
        null,
        null,
        1,
        null,
        1,
        2,
        null,
        null
      ],
      "/Users/benfox/turing/2module/projects/adopt-dont-shop-paired/app/controllers/shelter_pets_controller.rb": [
        1,
        null,
        1,
        11,
        11,
        null,
        null
      ],
      "/Users/benfox/turing/2module/projects/adopt-dont-shop-paired/app/controllers/shelter_reviews_controller.rb": [
        1,
        null,
        1,
        3,
        null,
        null,
        1,
        3,
        3,
        null,
        3,
        2,
        null,
        1,
        1,
        null,
        null,
        null,
        1,
        3,
        null,
        null,
        1,
        2,
        2,
        2,
        null,
        2,
        1,
        null,
        1,
        1,
        null,
        null,
        null,
        1,
        1,
        1,
        1,
        null,
        1,
        null,
        null,
        1,
        null,
        1,
        5,
        null,
        null
      ]
    },
    "timestamp": 1581019287
  }
}
